15:38:51: [INFO] [/Users/harikolla/autonomy-bootcamp-2025-p2/modules/heartbeat/heartbeat_receiver_worker.py | heartbeat_receiver_worker | 48] Logger initialized
15:38:51: [INFO] [/Users/harikolla/autonomy-bootcamp-2025-p2/modules/heartbeat/heartbeat_receiver.py | __init__ | 48] heartbeat reciever initialized
15:38:51: [INFO] [/Users/harikolla/autonomy-bootcamp-2025-p2/modules/heartbeat/heartbeat_receiver_worker.py | heartbeat_receiver_worker | 63] reciever worker started
15:38:56: [WARNING] [/Users/harikolla/autonomy-bootcamp-2025-p2/modules/heartbeat/heartbeat_receiver.py | run | 64] Missed heartbeat. 1 heartbeat missed in a row
15:38:56: [INFO] [/Users/harikolla/autonomy-bootcamp-2025-p2/modules/heartbeat/heartbeat_receiver.py | run | 70] current Status of reciever: Connected
15:38:57: [WARNING] [/Users/harikolla/autonomy-bootcamp-2025-p2/modules/heartbeat/heartbeat_receiver.py | run | 64] Missed heartbeat. 1 heartbeat missed in a row
15:38:57: [INFO] [/Users/harikolla/autonomy-bootcamp-2025-p2/modules/heartbeat/heartbeat_receiver.py | run | 70] current Status of reciever: Connected
15:38:58: [WARNING] [/Users/harikolla/autonomy-bootcamp-2025-p2/modules/heartbeat/heartbeat_receiver.py | run | 64] Missed heartbeat. 1 heartbeat missed in a row
15:38:58: [INFO] [/Users/harikolla/autonomy-bootcamp-2025-p2/modules/heartbeat/heartbeat_receiver.py | run | 70] current Status of reciever: Connected
15:38:59: [WARNING] [/Users/harikolla/autonomy-bootcamp-2025-p2/modules/heartbeat/heartbeat_receiver.py | run | 64] Missed heartbeat. 1 heartbeat missed in a row
15:38:59: [INFO] [/Users/harikolla/autonomy-bootcamp-2025-p2/modules/heartbeat/heartbeat_receiver.py | run | 70] current Status of reciever: Connected
15:39:00: [WARNING] [/Users/harikolla/autonomy-bootcamp-2025-p2/modules/heartbeat/heartbeat_receiver.py | run | 64] Missed heartbeat. 1 heartbeat missed in a row
15:39:00: [INFO] [/Users/harikolla/autonomy-bootcamp-2025-p2/modules/heartbeat/heartbeat_receiver.py | run | 70] current Status of reciever: Connected
15:39:01: [WARNING] [/Users/harikolla/autonomy-bootcamp-2025-p2/modules/heartbeat/heartbeat_receiver.py | run | 64] Missed heartbeat. 1 heartbeat missed in a row
15:39:01: [INFO] [/Users/harikolla/autonomy-bootcamp-2025-p2/modules/heartbeat/heartbeat_receiver.py | run | 70] current Status of reciever: Connected
15:39:02: [WARNING] [/Users/harikolla/autonomy-bootcamp-2025-p2/modules/heartbeat/heartbeat_receiver.py | run | 64] Missed heartbeat. 1 heartbeat missed in a row
15:39:02: [INFO] [/Users/harikolla/autonomy-bootcamp-2025-p2/modules/heartbeat/heartbeat_receiver.py | run | 70] current Status of reciever: Connected
15:39:03: [WARNING] [/Users/harikolla/autonomy-bootcamp-2025-p2/modules/heartbeat/heartbeat_receiver.py | run | 64] Missed heartbeat. 1 heartbeat missed in a row
15:39:03: [INFO] [/Users/harikolla/autonomy-bootcamp-2025-p2/modules/heartbeat/heartbeat_receiver.py | run | 70] current Status of reciever: Connected
15:39:09: [WARNING] [/Users/harikolla/autonomy-bootcamp-2025-p2/modules/heartbeat/heartbeat_receiver.py | run | 64] Missed heartbeat. 1 heartbeat missed in a row
15:39:09: [INFO] [/Users/harikolla/autonomy-bootcamp-2025-p2/modules/heartbeat/heartbeat_receiver.py | run | 70] current Status of reciever: Connected
15:39:11: [INFO] [/Users/harikolla/autonomy-bootcamp-2025-p2/modules/heartbeat/heartbeat_receiver_worker.py | heartbeat_receiver_worker | 70] reciever worker stopped
