15:35:02: [INFO] [/Users/harikolla/autonomy-bootcamp-2025-p2/modules/heartbeat/heartbeat_sender_worker.py | heartbeat_sender_worker | 45] Logger initialized
15:35:02: [DEBUG] [/Users/harikolla/autonomy-bootcamp-2025-p2/modules/heartbeat/heartbeat_sender.py | __init__ | 34] HeartbeatSender initialized
15:35:02: [INFO] [/Users/harikolla/autonomy-bootcamp-2025-p2/modules/heartbeat/heartbeat_sender_worker.py | heartbeat_sender_worker | 57] heartbeat worker started
15:35:02: [INFO] [/Users/harikolla/autonomy-bootcamp-2025-p2/modules/heartbeat/heartbeat_sender.py | run | 40] Sending heartbeat
15:35:02: [DEBUG] [/Users/harikolla/autonomy-bootcamp-2025-p2/modules/heartbeat/heartbeat_sender_worker.py | heartbeat_sender_worker | 65] heartbeat sent
15:35:03: [INFO] [/Users/harikolla/autonomy-bootcamp-2025-p2/modules/heartbeat/heartbeat_sender.py | run | 40] Sending heartbeat
15:35:03: [DEBUG] [/Users/harikolla/autonomy-bootcamp-2025-p2/modules/heartbeat/heartbeat_sender_worker.py | heartbeat_sender_worker | 65] heartbeat sent
15:35:04: [INFO] [/Users/harikolla/autonomy-bootcamp-2025-p2/modules/heartbeat/heartbeat_sender.py | run | 40] Sending heartbeat
15:35:04: [DEBUG] [/Users/harikolla/autonomy-bootcamp-2025-p2/modules/heartbeat/heartbeat_sender_worker.py | heartbeat_sender_worker | 65] heartbeat sent
15:35:05: [INFO] [/Users/harikolla/autonomy-bootcamp-2025-p2/modules/heartbeat/heartbeat_sender.py | run | 40] Sending heartbeat
15:35:05: [DEBUG] [/Users/harikolla/autonomy-bootcamp-2025-p2/modules/heartbeat/heartbeat_sender_worker.py | heartbeat_sender_worker | 65] heartbeat sent
15:35:06: [INFO] [/Users/harikolla/autonomy-bootcamp-2025-p2/modules/heartbeat/heartbeat_sender.py | run | 40] Sending heartbeat
15:35:06: [DEBUG] [/Users/harikolla/autonomy-bootcamp-2025-p2/modules/heartbeat/heartbeat_sender_worker.py | heartbeat_sender_worker | 65] heartbeat sent
15:35:07: [INFO] [/Users/harikolla/autonomy-bootcamp-2025-p2/modules/heartbeat/heartbeat_sender.py | run | 40] Sending heartbeat
15:35:07: [DEBUG] [/Users/harikolla/autonomy-bootcamp-2025-p2/modules/heartbeat/heartbeat_sender_worker.py | heartbeat_sender_worker | 65] heartbeat sent
15:35:08: [INFO] [/Users/harikolla/autonomy-bootcamp-2025-p2/modules/heartbeat/heartbeat_sender.py | run | 40] Sending heartbeat
15:35:08: [DEBUG] [/Users/harikolla/autonomy-bootcamp-2025-p2/modules/heartbeat/heartbeat_sender_worker.py | heartbeat_sender_worker | 65] heartbeat sent
15:35:09: [INFO] [/Users/harikolla/autonomy-bootcamp-2025-p2/modules/heartbeat/heartbeat_sender.py | run | 40] Sending heartbeat
15:35:09: [DEBUG] [/Users/harikolla/autonomy-bootcamp-2025-p2/modules/heartbeat/heartbeat_sender_worker.py | heartbeat_sender_worker | 65] heartbeat sent
15:35:10: [INFO] [/Users/harikolla/autonomy-bootcamp-2025-p2/modules/heartbeat/heartbeat_sender.py | run | 40] Sending heartbeat
15:35:10: [DEBUG] [/Users/harikolla/autonomy-bootcamp-2025-p2/modules/heartbeat/heartbeat_sender_worker.py | heartbeat_sender_worker | 65] heartbeat sent
15:35:11: [INFO] [/Users/harikolla/autonomy-bootcamp-2025-p2/modules/heartbeat/heartbeat_sender.py | run | 40] Sending heartbeat
15:35:11: [DEBUG] [/Users/harikolla/autonomy-bootcamp-2025-p2/modules/heartbeat/heartbeat_sender_worker.py | heartbeat_sender_worker | 65] heartbeat sent
15:35:12: [INFO] [/Users/harikolla/autonomy-bootcamp-2025-p2/modules/heartbeat/heartbeat_sender.py | run | 40] Sending heartbeat
15:35:12: [DEBUG] [/Users/harikolla/autonomy-bootcamp-2025-p2/modules/heartbeat/heartbeat_sender_worker.py | heartbeat_sender_worker | 65] heartbeat sent
15:35:13: [INFO] [/Users/harikolla/autonomy-bootcamp-2025-p2/modules/heartbeat/heartbeat_sender_worker.py | heartbeat_sender_worker | 61] exit requested, stopping worker
15:35:13: [INFO] [/Users/harikolla/autonomy-bootcamp-2025-p2/modules/heartbeat/heartbeat_sender_worker.py | heartbeat_sender_worker | 70] heartbeat sender worker stopped
