15:06:39: [INFO] [/Users/harikolla/autonomy-bootcamp-2025-p2/modules/heartbeat/heartbeat_sender_worker.py | heartbeat_sender_worker | 45] Logger initialized
15:06:39: [DEBUG] [/Users/harikolla/autonomy-bootcamp-2025-p2/modules/heartbeat/heartbeat_sender.py | __init__ | 34] HeartbeatSender initialized
15:06:39: [INFO] [/Users/harikolla/autonomy-bootcamp-2025-p2/modules/heartbeat/heartbeat_sender_worker.py | heartbeat_sender_worker | 57] heartbeat worker started
15:06:39: [INFO] [/Users/harikolla/autonomy-bootcamp-2025-p2/modules/heartbeat/heartbeat_sender.py | run | 40] Sending heartbeat
15:06:39: [DEBUG] [/Users/harikolla/autonomy-bootcamp-2025-p2/modules/heartbeat/heartbeat_sender_worker.py | heartbeat_sender_worker | 65] heartbeat sent
15:06:40: [INFO] [/Users/harikolla/autonomy-bootcamp-2025-p2/modules/heartbeat/heartbeat_sender.py | run | 40] Sending heartbeat
15:06:40: [DEBUG] [/Users/harikolla/autonomy-bootcamp-2025-p2/modules/heartbeat/heartbeat_sender_worker.py | heartbeat_sender_worker | 65] heartbeat sent
15:06:41: [INFO] [/Users/harikolla/autonomy-bootcamp-2025-p2/modules/heartbeat/heartbeat_sender.py | run | 40] Sending heartbeat
15:06:41: [DEBUG] [/Users/harikolla/autonomy-bootcamp-2025-p2/modules/heartbeat/heartbeat_sender_worker.py | heartbeat_sender_worker | 65] heartbeat sent
15:06:42: [INFO] [/Users/harikolla/autonomy-bootcamp-2025-p2/modules/heartbeat/heartbeat_sender.py | run | 40] Sending heartbeat
15:06:42: [DEBUG] [/Users/harikolla/autonomy-bootcamp-2025-p2/modules/heartbeat/heartbeat_sender_worker.py | heartbeat_sender_worker | 65] heartbeat sent
15:06:43: [INFO] [/Users/harikolla/autonomy-bootcamp-2025-p2/modules/heartbeat/heartbeat_sender.py | run | 40] Sending heartbeat
15:06:43: [DEBUG] [/Users/harikolla/autonomy-bootcamp-2025-p2/modules/heartbeat/heartbeat_sender_worker.py | heartbeat_sender_worker | 65] heartbeat sent
15:06:44: [INFO] [/Users/harikolla/autonomy-bootcamp-2025-p2/modules/heartbeat/heartbeat_sender.py | run | 40] Sending heartbeat
15:06:44: [DEBUG] [/Users/harikolla/autonomy-bootcamp-2025-p2/modules/heartbeat/heartbeat_sender_worker.py | heartbeat_sender_worker | 65] heartbeat sent
15:06:45: [INFO] [/Users/harikolla/autonomy-bootcamp-2025-p2/modules/heartbeat/heartbeat_sender.py | run | 40] Sending heartbeat
15:06:45: [DEBUG] [/Users/harikolla/autonomy-bootcamp-2025-p2/modules/heartbeat/heartbeat_sender_worker.py | heartbeat_sender_worker | 65] heartbeat sent
15:06:46: [INFO] [/Users/harikolla/autonomy-bootcamp-2025-p2/modules/heartbeat/heartbeat_sender.py | run | 40] Sending heartbeat
15:06:46: [DEBUG] [/Users/harikolla/autonomy-bootcamp-2025-p2/modules/heartbeat/heartbeat_sender_worker.py | heartbeat_sender_worker | 65] heartbeat sent
15:06:47: [INFO] [/Users/harikolla/autonomy-bootcamp-2025-p2/modules/heartbeat/heartbeat_sender.py | run | 40] Sending heartbeat
15:06:47: [DEBUG] [/Users/harikolla/autonomy-bootcamp-2025-p2/modules/heartbeat/heartbeat_sender_worker.py | heartbeat_sender_worker | 65] heartbeat sent
15:06:48: [INFO] [/Users/harikolla/autonomy-bootcamp-2025-p2/modules/heartbeat/heartbeat_sender.py | run | 40] Sending heartbeat
15:06:48: [DEBUG] [/Users/harikolla/autonomy-bootcamp-2025-p2/modules/heartbeat/heartbeat_sender_worker.py | heartbeat_sender_worker | 65] heartbeat sent
15:06:49: [INFO] [/Users/harikolla/autonomy-bootcamp-2025-p2/modules/heartbeat/heartbeat_sender.py | run | 40] Sending heartbeat
15:06:49: [DEBUG] [/Users/harikolla/autonomy-bootcamp-2025-p2/modules/heartbeat/heartbeat_sender_worker.py | heartbeat_sender_worker | 65] heartbeat sent
15:06:50: [INFO] [/Users/harikolla/autonomy-bootcamp-2025-p2/modules/heartbeat/heartbeat_sender_worker.py | heartbeat_sender_worker | 61] exit requested, stopping worker
15:06:50: [INFO] [/Users/harikolla/autonomy-bootcamp-2025-p2/modules/heartbeat/heartbeat_sender_worker.py | heartbeat_sender_worker | 70] heartbeat sender worker stopped
