09:34:30: [INFO] [/Users/harikolla/autonomy-bootcamp-2025-p2/modules/heartbeat/heartbeat_sender_worker.py | heartbeat_sender_worker | 45] Logger initialized
09:34:30: [DEBUG] [/Users/harikolla/autonomy-bootcamp-2025-p2/modules/heartbeat/heartbeat_sender.py | __init__ | 34] HeartbeatSender initialized
09:34:30: [INFO] [/Users/harikolla/autonomy-bootcamp-2025-p2/modules/heartbeat/heartbeat_sender_worker.py | heartbeat_sender_worker | 57] heartbeat worker started
09:34:30: [INFO] [/Users/harikolla/autonomy-bootcamp-2025-p2/modules/heartbeat/heartbeat_sender.py | run | 40] Sending heartbeat
09:34:30: [DEBUG] [/Users/harikolla/autonomy-bootcamp-2025-p2/modules/heartbeat/heartbeat_sender_worker.py | heartbeat_sender_worker | 65] heartbeat sent
09:34:31: [INFO] [/Users/harikolla/autonomy-bootcamp-2025-p2/modules/heartbeat/heartbeat_sender.py | run | 40] Sending heartbeat
09:34:31: [DEBUG] [/Users/harikolla/autonomy-bootcamp-2025-p2/modules/heartbeat/heartbeat_sender_worker.py | heartbeat_sender_worker | 65] heartbeat sent
09:34:32: [INFO] [/Users/harikolla/autonomy-bootcamp-2025-p2/modules/heartbeat/heartbeat_sender.py | run | 40] Sending heartbeat
09:34:32: [DEBUG] [/Users/harikolla/autonomy-bootcamp-2025-p2/modules/heartbeat/heartbeat_sender_worker.py | heartbeat_sender_worker | 65] heartbeat sent
09:34:33: [INFO] [/Users/harikolla/autonomy-bootcamp-2025-p2/modules/heartbeat/heartbeat_sender.py | run | 40] Sending heartbeat
09:34:33: [DEBUG] [/Users/harikolla/autonomy-bootcamp-2025-p2/modules/heartbeat/heartbeat_sender_worker.py | heartbeat_sender_worker | 65] heartbeat sent
09:34:34: [INFO] [/Users/harikolla/autonomy-bootcamp-2025-p2/modules/heartbeat/heartbeat_sender.py | run | 40] Sending heartbeat
09:34:34: [DEBUG] [/Users/harikolla/autonomy-bootcamp-2025-p2/modules/heartbeat/heartbeat_sender_worker.py | heartbeat_sender_worker | 65] heartbeat sent
09:34:35: [INFO] [/Users/harikolla/autonomy-bootcamp-2025-p2/modules/heartbeat/heartbeat_sender.py | run | 40] Sending heartbeat
09:34:35: [DEBUG] [/Users/harikolla/autonomy-bootcamp-2025-p2/modules/heartbeat/heartbeat_sender_worker.py | heartbeat_sender_worker | 65] heartbeat sent
09:34:36: [INFO] [/Users/harikolla/autonomy-bootcamp-2025-p2/modules/heartbeat/heartbeat_sender.py | run | 40] Sending heartbeat
09:34:36: [DEBUG] [/Users/harikolla/autonomy-bootcamp-2025-p2/modules/heartbeat/heartbeat_sender_worker.py | heartbeat_sender_worker | 65] heartbeat sent
09:34:37: [INFO] [/Users/harikolla/autonomy-bootcamp-2025-p2/modules/heartbeat/heartbeat_sender.py | run | 40] Sending heartbeat
09:34:37: [DEBUG] [/Users/harikolla/autonomy-bootcamp-2025-p2/modules/heartbeat/heartbeat_sender_worker.py | heartbeat_sender_worker | 65] heartbeat sent
09:34:38: [INFO] [/Users/harikolla/autonomy-bootcamp-2025-p2/modules/heartbeat/heartbeat_sender.py | run | 40] Sending heartbeat
09:34:38: [DEBUG] [/Users/harikolla/autonomy-bootcamp-2025-p2/modules/heartbeat/heartbeat_sender_worker.py | heartbeat_sender_worker | 65] heartbeat sent
09:34:39: [INFO] [/Users/harikolla/autonomy-bootcamp-2025-p2/modules/heartbeat/heartbeat_sender.py | run | 40] Sending heartbeat
09:34:39: [DEBUG] [/Users/harikolla/autonomy-bootcamp-2025-p2/modules/heartbeat/heartbeat_sender_worker.py | heartbeat_sender_worker | 65] heartbeat sent
09:34:40: [INFO] [/Users/harikolla/autonomy-bootcamp-2025-p2/modules/heartbeat/heartbeat_sender.py | run | 40] Sending heartbeat
09:34:40: [DEBUG] [/Users/harikolla/autonomy-bootcamp-2025-p2/modules/heartbeat/heartbeat_sender_worker.py | heartbeat_sender_worker | 65] heartbeat sent
09:34:41: [INFO] [/Users/harikolla/autonomy-bootcamp-2025-p2/modules/heartbeat/heartbeat_sender.py | run | 40] Sending heartbeat
09:34:41: [DEBUG] [/Users/harikolla/autonomy-bootcamp-2025-p2/modules/heartbeat/heartbeat_sender_worker.py | heartbeat_sender_worker | 65] heartbeat sent
09:34:42: [INFO] [/Users/harikolla/autonomy-bootcamp-2025-p2/modules/heartbeat/heartbeat_sender.py | run | 40] Sending heartbeat
09:34:42: [DEBUG] [/Users/harikolla/autonomy-bootcamp-2025-p2/modules/heartbeat/heartbeat_sender_worker.py | heartbeat_sender_worker | 65] heartbeat sent
09:34:43: [INFO] [/Users/harikolla/autonomy-bootcamp-2025-p2/modules/heartbeat/heartbeat_sender.py | run | 40] Sending heartbeat
09:34:43: [DEBUG] [/Users/harikolla/autonomy-bootcamp-2025-p2/modules/heartbeat/heartbeat_sender_worker.py | heartbeat_sender_worker | 65] heartbeat sent
09:34:44: [INFO] [/Users/harikolla/autonomy-bootcamp-2025-p2/modules/heartbeat/heartbeat_sender.py | run | 40] Sending heartbeat
09:34:44: [DEBUG] [/Users/harikolla/autonomy-bootcamp-2025-p2/modules/heartbeat/heartbeat_sender_worker.py | heartbeat_sender_worker | 65] heartbeat sent
09:34:45: [INFO] [/Users/harikolla/autonomy-bootcamp-2025-p2/modules/heartbeat/heartbeat_sender.py | run | 40] Sending heartbeat
09:34:45: [DEBUG] [/Users/harikolla/autonomy-bootcamp-2025-p2/modules/heartbeat/heartbeat_sender_worker.py | heartbeat_sender_worker | 65] heartbeat sent
09:34:46: [INFO] [/Users/harikolla/autonomy-bootcamp-2025-p2/modules/heartbeat/heartbeat_sender.py | run | 40] Sending heartbeat
09:34:46: [DEBUG] [/Users/harikolla/autonomy-bootcamp-2025-p2/modules/heartbeat/heartbeat_sender_worker.py | heartbeat_sender_worker | 65] heartbeat sent
09:34:47: [INFO] [/Users/harikolla/autonomy-bootcamp-2025-p2/modules/heartbeat/heartbeat_sender.py | run | 40] Sending heartbeat
09:34:47: [DEBUG] [/Users/harikolla/autonomy-bootcamp-2025-p2/modules/heartbeat/heartbeat_sender_worker.py | heartbeat_sender_worker | 65] heartbeat sent
09:34:48: [INFO] [/Users/harikolla/autonomy-bootcamp-2025-p2/modules/heartbeat/heartbeat_sender.py | run | 40] Sending heartbeat
09:34:48: [DEBUG] [/Users/harikolla/autonomy-bootcamp-2025-p2/modules/heartbeat/heartbeat_sender_worker.py | heartbeat_sender_worker | 65] heartbeat sent
09:34:49: [INFO] [/Users/harikolla/autonomy-bootcamp-2025-p2/modules/heartbeat/heartbeat_sender.py | run | 40] Sending heartbeat
09:34:49: [DEBUG] [/Users/harikolla/autonomy-bootcamp-2025-p2/modules/heartbeat/heartbeat_sender_worker.py | heartbeat_sender_worker | 65] heartbeat sent
09:34:50: [INFO] [/Users/harikolla/autonomy-bootcamp-2025-p2/modules/heartbeat/heartbeat_sender.py | run | 40] Sending heartbeat
09:34:50: [DEBUG] [/Users/harikolla/autonomy-bootcamp-2025-p2/modules/heartbeat/heartbeat_sender_worker.py | heartbeat_sender_worker | 65] heartbeat sent
09:34:51: [INFO] [/Users/harikolla/autonomy-bootcamp-2025-p2/modules/heartbeat/heartbeat_sender.py | run | 40] Sending heartbeat
09:34:51: [DEBUG] [/Users/harikolla/autonomy-bootcamp-2025-p2/modules/heartbeat/heartbeat_sender_worker.py | heartbeat_sender_worker | 65] heartbeat sent
09:34:52: [INFO] [/Users/harikolla/autonomy-bootcamp-2025-p2/modules/heartbeat/heartbeat_sender.py | run | 40] Sending heartbeat
09:34:52: [DEBUG] [/Users/harikolla/autonomy-bootcamp-2025-p2/modules/heartbeat/heartbeat_sender_worker.py | heartbeat_sender_worker | 65] heartbeat sent
09:34:53: [INFO] [/Users/harikolla/autonomy-bootcamp-2025-p2/modules/heartbeat/heartbeat_sender.py | run | 40] Sending heartbeat
09:34:53: [DEBUG] [/Users/harikolla/autonomy-bootcamp-2025-p2/modules/heartbeat/heartbeat_sender_worker.py | heartbeat_sender_worker | 65] heartbeat sent
09:34:54: [INFO] [/Users/harikolla/autonomy-bootcamp-2025-p2/modules/heartbeat/heartbeat_sender.py | run | 40] Sending heartbeat
09:34:54: [DEBUG] [/Users/harikolla/autonomy-bootcamp-2025-p2/modules/heartbeat/heartbeat_sender_worker.py | heartbeat_sender_worker | 65] heartbeat sent
09:34:55: [INFO] [/Users/harikolla/autonomy-bootcamp-2025-p2/modules/heartbeat/heartbeat_sender.py | run | 40] Sending heartbeat
09:34:55: [DEBUG] [/Users/harikolla/autonomy-bootcamp-2025-p2/modules/heartbeat/heartbeat_sender_worker.py | heartbeat_sender_worker | 65] heartbeat sent
09:34:56: [INFO] [/Users/harikolla/autonomy-bootcamp-2025-p2/modules/heartbeat/heartbeat_sender.py | run | 40] Sending heartbeat
09:34:56: [DEBUG] [/Users/harikolla/autonomy-bootcamp-2025-p2/modules/heartbeat/heartbeat_sender_worker.py | heartbeat_sender_worker | 65] heartbeat sent
09:34:57: [INFO] [/Users/harikolla/autonomy-bootcamp-2025-p2/modules/heartbeat/heartbeat_sender.py | run | 40] Sending heartbeat
09:34:57: [DEBUG] [/Users/harikolla/autonomy-bootcamp-2025-p2/modules/heartbeat/heartbeat_sender_worker.py | heartbeat_sender_worker | 65] heartbeat sent
09:34:58: [INFO] [/Users/harikolla/autonomy-bootcamp-2025-p2/modules/heartbeat/heartbeat_sender.py | run | 40] Sending heartbeat
09:34:58: [DEBUG] [/Users/harikolla/autonomy-bootcamp-2025-p2/modules/heartbeat/heartbeat_sender_worker.py | heartbeat_sender_worker | 65] heartbeat sent
09:34:59: [INFO] [/Users/harikolla/autonomy-bootcamp-2025-p2/modules/heartbeat/heartbeat_sender.py | run | 40] Sending heartbeat
09:34:59: [DEBUG] [/Users/harikolla/autonomy-bootcamp-2025-p2/modules/heartbeat/heartbeat_sender_worker.py | heartbeat_sender_worker | 65] heartbeat sent
09:35:00: [INFO] [/Users/harikolla/autonomy-bootcamp-2025-p2/modules/heartbeat/heartbeat_sender.py | run | 40] Sending heartbeat
09:35:00: [DEBUG] [/Users/harikolla/autonomy-bootcamp-2025-p2/modules/heartbeat/heartbeat_sender_worker.py | heartbeat_sender_worker | 65] heartbeat sent
09:35:01: [INFO] [/Users/harikolla/autonomy-bootcamp-2025-p2/modules/heartbeat/heartbeat_sender.py | run | 40] Sending heartbeat
09:35:01: [DEBUG] [/Users/harikolla/autonomy-bootcamp-2025-p2/modules/heartbeat/heartbeat_sender_worker.py | heartbeat_sender_worker | 65] heartbeat sent
09:35:02: [INFO] [/Users/harikolla/autonomy-bootcamp-2025-p2/modules/heartbeat/heartbeat_sender.py | run | 40] Sending heartbeat
09:35:02: [DEBUG] [/Users/harikolla/autonomy-bootcamp-2025-p2/modules/heartbeat/heartbeat_sender_worker.py | heartbeat_sender_worker | 65] heartbeat sent
09:35:03: [INFO] [/Users/harikolla/autonomy-bootcamp-2025-p2/modules/heartbeat/heartbeat_sender.py | run | 40] Sending heartbeat
09:35:03: [DEBUG] [/Users/harikolla/autonomy-bootcamp-2025-p2/modules/heartbeat/heartbeat_sender_worker.py | heartbeat_sender_worker | 65] heartbeat sent
09:35:04: [INFO] [/Users/harikolla/autonomy-bootcamp-2025-p2/modules/heartbeat/heartbeat_sender.py | run | 40] Sending heartbeat
09:35:04: [DEBUG] [/Users/harikolla/autonomy-bootcamp-2025-p2/modules/heartbeat/heartbeat_sender_worker.py | heartbeat_sender_worker | 65] heartbeat sent
09:35:05: [INFO] [/Users/harikolla/autonomy-bootcamp-2025-p2/modules/heartbeat/heartbeat_sender.py | run | 40] Sending heartbeat
09:35:05: [DEBUG] [/Users/harikolla/autonomy-bootcamp-2025-p2/modules/heartbeat/heartbeat_sender_worker.py | heartbeat_sender_worker | 65] heartbeat sent
09:35:06: [INFO] [/Users/harikolla/autonomy-bootcamp-2025-p2/modules/heartbeat/heartbeat_sender.py | run | 40] Sending heartbeat
09:35:06: [DEBUG] [/Users/harikolla/autonomy-bootcamp-2025-p2/modules/heartbeat/heartbeat_sender_worker.py | heartbeat_sender_worker | 65] heartbeat sent
09:35:07: [INFO] [/Users/harikolla/autonomy-bootcamp-2025-p2/modules/heartbeat/heartbeat_sender.py | run | 40] Sending heartbeat
09:35:07: [DEBUG] [/Users/harikolla/autonomy-bootcamp-2025-p2/modules/heartbeat/heartbeat_sender_worker.py | heartbeat_sender_worker | 65] heartbeat sent
09:35:08: [INFO] [/Users/harikolla/autonomy-bootcamp-2025-p2/modules/heartbeat/heartbeat_sender.py | run | 40] Sending heartbeat
09:35:08: [DEBUG] [/Users/harikolla/autonomy-bootcamp-2025-p2/modules/heartbeat/heartbeat_sender_worker.py | heartbeat_sender_worker | 65] heartbeat sent
09:35:09: [INFO] [/Users/harikolla/autonomy-bootcamp-2025-p2/modules/heartbeat/heartbeat_sender.py | run | 40] Sending heartbeat
09:35:09: [DEBUG] [/Users/harikolla/autonomy-bootcamp-2025-p2/modules/heartbeat/heartbeat_sender_worker.py | heartbeat_sender_worker | 65] heartbeat sent
09:35:10: [INFO] [/Users/harikolla/autonomy-bootcamp-2025-p2/modules/heartbeat/heartbeat_sender.py | run | 40] Sending heartbeat
09:35:10: [DEBUG] [/Users/harikolla/autonomy-bootcamp-2025-p2/modules/heartbeat/heartbeat_sender_worker.py | heartbeat_sender_worker | 65] heartbeat sent
09:35:11: [INFO] [/Users/harikolla/autonomy-bootcamp-2025-p2/modules/heartbeat/heartbeat_sender.py | run | 40] Sending heartbeat
09:35:11: [DEBUG] [/Users/harikolla/autonomy-bootcamp-2025-p2/modules/heartbeat/heartbeat_sender_worker.py | heartbeat_sender_worker | 65] heartbeat sent
09:35:12: [INFO] [/Users/harikolla/autonomy-bootcamp-2025-p2/modules/heartbeat/heartbeat_sender.py | run | 40] Sending heartbeat
09:35:12: [DEBUG] [/Users/harikolla/autonomy-bootcamp-2025-p2/modules/heartbeat/heartbeat_sender_worker.py | heartbeat_sender_worker | 65] heartbeat sent
09:35:13: [INFO] [/Users/harikolla/autonomy-bootcamp-2025-p2/modules/heartbeat/heartbeat_sender.py | run | 40] Sending heartbeat
09:35:13: [DEBUG] [/Users/harikolla/autonomy-bootcamp-2025-p2/modules/heartbeat/heartbeat_sender_worker.py | heartbeat_sender_worker | 65] heartbeat sent
09:35:14: [INFO] [/Users/harikolla/autonomy-bootcamp-2025-p2/modules/heartbeat/heartbeat_sender.py | run | 40] Sending heartbeat
09:35:14: [DEBUG] [/Users/harikolla/autonomy-bootcamp-2025-p2/modules/heartbeat/heartbeat_sender_worker.py | heartbeat_sender_worker | 65] heartbeat sent
09:35:15: [INFO] [/Users/harikolla/autonomy-bootcamp-2025-p2/modules/heartbeat/heartbeat_sender.py | run | 40] Sending heartbeat
09:35:15: [DEBUG] [/Users/harikolla/autonomy-bootcamp-2025-p2/modules/heartbeat/heartbeat_sender_worker.py | heartbeat_sender_worker | 65] heartbeat sent
09:35:16: [INFO] [/Users/harikolla/autonomy-bootcamp-2025-p2/modules/heartbeat/heartbeat_sender.py | run | 40] Sending heartbeat
09:35:16: [DEBUG] [/Users/harikolla/autonomy-bootcamp-2025-p2/modules/heartbeat/heartbeat_sender_worker.py | heartbeat_sender_worker | 65] heartbeat sent
09:35:17: [INFO] [/Users/harikolla/autonomy-bootcamp-2025-p2/modules/heartbeat/heartbeat_sender.py | run | 40] Sending heartbeat
09:35:17: [DEBUG] [/Users/harikolla/autonomy-bootcamp-2025-p2/modules/heartbeat/heartbeat_sender_worker.py | heartbeat_sender_worker | 65] heartbeat sent
09:35:18: [INFO] [/Users/harikolla/autonomy-bootcamp-2025-p2/modules/heartbeat/heartbeat_sender.py | run | 40] Sending heartbeat
09:35:18: [DEBUG] [/Users/harikolla/autonomy-bootcamp-2025-p2/modules/heartbeat/heartbeat_sender_worker.py | heartbeat_sender_worker | 65] heartbeat sent
09:35:19: [INFO] [/Users/harikolla/autonomy-bootcamp-2025-p2/modules/heartbeat/heartbeat_sender.py | run | 40] Sending heartbeat
09:35:19: [DEBUG] [/Users/harikolla/autonomy-bootcamp-2025-p2/modules/heartbeat/heartbeat_sender_worker.py | heartbeat_sender_worker | 65] heartbeat sent
09:35:20: [INFO] [/Users/harikolla/autonomy-bootcamp-2025-p2/modules/heartbeat/heartbeat_sender.py | run | 40] Sending heartbeat
09:35:20: [DEBUG] [/Users/harikolla/autonomy-bootcamp-2025-p2/modules/heartbeat/heartbeat_sender_worker.py | heartbeat_sender_worker | 65] heartbeat sent
09:35:21: [INFO] [/Users/harikolla/autonomy-bootcamp-2025-p2/modules/heartbeat/heartbeat_sender.py | run | 40] Sending heartbeat
09:35:21: [DEBUG] [/Users/harikolla/autonomy-bootcamp-2025-p2/modules/heartbeat/heartbeat_sender_worker.py | heartbeat_sender_worker | 65] heartbeat sent
09:35:22: [INFO] [/Users/harikolla/autonomy-bootcamp-2025-p2/modules/heartbeat/heartbeat_sender.py | run | 40] Sending heartbeat
09:35:22: [DEBUG] [/Users/harikolla/autonomy-bootcamp-2025-p2/modules/heartbeat/heartbeat_sender_worker.py | heartbeat_sender_worker | 65] heartbeat sent
09:35:23: [INFO] [/Users/harikolla/autonomy-bootcamp-2025-p2/modules/heartbeat/heartbeat_sender.py | run | 40] Sending heartbeat
09:35:23: [DEBUG] [/Users/harikolla/autonomy-bootcamp-2025-p2/modules/heartbeat/heartbeat_sender_worker.py | heartbeat_sender_worker | 65] heartbeat sent
09:35:24: [INFO] [/Users/harikolla/autonomy-bootcamp-2025-p2/modules/heartbeat/heartbeat_sender.py | run | 40] Sending heartbeat
09:35:24: [DEBUG] [/Users/harikolla/autonomy-bootcamp-2025-p2/modules/heartbeat/heartbeat_sender_worker.py | heartbeat_sender_worker | 65] heartbeat sent
09:35:25: [INFO] [/Users/harikolla/autonomy-bootcamp-2025-p2/modules/heartbeat/heartbeat_sender.py | run | 40] Sending heartbeat
09:35:25: [DEBUG] [/Users/harikolla/autonomy-bootcamp-2025-p2/modules/heartbeat/heartbeat_sender_worker.py | heartbeat_sender_worker | 65] heartbeat sent
09:35:26: [INFO] [/Users/harikolla/autonomy-bootcamp-2025-p2/modules/heartbeat/heartbeat_sender.py | run | 40] Sending heartbeat
09:35:26: [DEBUG] [/Users/harikolla/autonomy-bootcamp-2025-p2/modules/heartbeat/heartbeat_sender_worker.py | heartbeat_sender_worker | 65] heartbeat sent
09:35:27: [INFO] [/Users/harikolla/autonomy-bootcamp-2025-p2/modules/heartbeat/heartbeat_sender.py | run | 40] Sending heartbeat
09:35:27: [DEBUG] [/Users/harikolla/autonomy-bootcamp-2025-p2/modules/heartbeat/heartbeat_sender_worker.py | heartbeat_sender_worker | 65] heartbeat sent
09:35:28: [INFO] [/Users/harikolla/autonomy-bootcamp-2025-p2/modules/heartbeat/heartbeat_sender.py | run | 40] Sending heartbeat
09:35:28: [DEBUG] [/Users/harikolla/autonomy-bootcamp-2025-p2/modules/heartbeat/heartbeat_sender_worker.py | heartbeat_sender_worker | 65] heartbeat sent
09:35:29: [INFO] [/Users/harikolla/autonomy-bootcamp-2025-p2/modules/heartbeat/heartbeat_sender.py | run | 40] Sending heartbeat
09:35:29: [DEBUG] [/Users/harikolla/autonomy-bootcamp-2025-p2/modules/heartbeat/heartbeat_sender_worker.py | heartbeat_sender_worker | 65] heartbeat sent
09:35:30: [INFO] [/Users/harikolla/autonomy-bootcamp-2025-p2/modules/heartbeat/heartbeat_sender.py | run | 40] Sending heartbeat
09:35:30: [DEBUG] [/Users/harikolla/autonomy-bootcamp-2025-p2/modules/heartbeat/heartbeat_sender_worker.py | heartbeat_sender_worker | 65] heartbeat sent
09:35:31: [INFO] [/Users/harikolla/autonomy-bootcamp-2025-p2/modules/heartbeat/heartbeat_sender.py | run | 40] Sending heartbeat
09:35:31: [DEBUG] [/Users/harikolla/autonomy-bootcamp-2025-p2/modules/heartbeat/heartbeat_sender_worker.py | heartbeat_sender_worker | 65] heartbeat sent
09:35:32: [INFO] [/Users/harikolla/autonomy-bootcamp-2025-p2/modules/heartbeat/heartbeat_sender.py | run | 40] Sending heartbeat
09:35:32: [DEBUG] [/Users/harikolla/autonomy-bootcamp-2025-p2/modules/heartbeat/heartbeat_sender_worker.py | heartbeat_sender_worker | 65] heartbeat sent
09:35:33: [INFO] [/Users/harikolla/autonomy-bootcamp-2025-p2/modules/heartbeat/heartbeat_sender.py | run | 40] Sending heartbeat
09:35:33: [DEBUG] [/Users/harikolla/autonomy-bootcamp-2025-p2/modules/heartbeat/heartbeat_sender_worker.py | heartbeat_sender_worker | 65] heartbeat sent
09:35:34: [INFO] [/Users/harikolla/autonomy-bootcamp-2025-p2/modules/heartbeat/heartbeat_sender.py | run | 40] Sending heartbeat
09:35:34: [DEBUG] [/Users/harikolla/autonomy-bootcamp-2025-p2/modules/heartbeat/heartbeat_sender_worker.py | heartbeat_sender_worker | 65] heartbeat sent
09:35:35: [INFO] [/Users/harikolla/autonomy-bootcamp-2025-p2/modules/heartbeat/heartbeat_sender.py | run | 40] Sending heartbeat
09:35:35: [DEBUG] [/Users/harikolla/autonomy-bootcamp-2025-p2/modules/heartbeat/heartbeat_sender_worker.py | heartbeat_sender_worker | 65] heartbeat sent
09:35:36: [INFO] [/Users/harikolla/autonomy-bootcamp-2025-p2/modules/heartbeat/heartbeat_sender.py | run | 40] Sending heartbeat
09:35:36: [DEBUG] [/Users/harikolla/autonomy-bootcamp-2025-p2/modules/heartbeat/heartbeat_sender_worker.py | heartbeat_sender_worker | 65] heartbeat sent
09:35:37: [INFO] [/Users/harikolla/autonomy-bootcamp-2025-p2/modules/heartbeat/heartbeat_sender.py | run | 40] Sending heartbeat
09:35:37: [DEBUG] [/Users/harikolla/autonomy-bootcamp-2025-p2/modules/heartbeat/heartbeat_sender_worker.py | heartbeat_sender_worker | 65] heartbeat sent
09:35:38: [INFO] [/Users/harikolla/autonomy-bootcamp-2025-p2/modules/heartbeat/heartbeat_sender.py | run | 40] Sending heartbeat
09:35:38: [DEBUG] [/Users/harikolla/autonomy-bootcamp-2025-p2/modules/heartbeat/heartbeat_sender_worker.py | heartbeat_sender_worker | 65] heartbeat sent
09:35:39: [INFO] [/Users/harikolla/autonomy-bootcamp-2025-p2/modules/heartbeat/heartbeat_sender.py | run | 40] Sending heartbeat
09:35:39: [DEBUG] [/Users/harikolla/autonomy-bootcamp-2025-p2/modules/heartbeat/heartbeat_sender_worker.py | heartbeat_sender_worker | 65] heartbeat sent
09:35:40: [INFO] [/Users/harikolla/autonomy-bootcamp-2025-p2/modules/heartbeat/heartbeat_sender.py | run | 40] Sending heartbeat
09:35:40: [DEBUG] [/Users/harikolla/autonomy-bootcamp-2025-p2/modules/heartbeat/heartbeat_sender_worker.py | heartbeat_sender_worker | 65] heartbeat sent
09:35:41: [INFO] [/Users/harikolla/autonomy-bootcamp-2025-p2/modules/heartbeat/heartbeat_sender.py | run | 40] Sending heartbeat
09:35:41: [DEBUG] [/Users/harikolla/autonomy-bootcamp-2025-p2/modules/heartbeat/heartbeat_sender_worker.py | heartbeat_sender_worker | 65] heartbeat sent
09:35:42: [INFO] [/Users/harikolla/autonomy-bootcamp-2025-p2/modules/heartbeat/heartbeat_sender.py | run | 40] Sending heartbeat
09:35:42: [DEBUG] [/Users/harikolla/autonomy-bootcamp-2025-p2/modules/heartbeat/heartbeat_sender_worker.py | heartbeat_sender_worker | 65] heartbeat sent
09:35:43: [INFO] [/Users/harikolla/autonomy-bootcamp-2025-p2/modules/heartbeat/heartbeat_sender.py | run | 40] Sending heartbeat
09:35:43: [DEBUG] [/Users/harikolla/autonomy-bootcamp-2025-p2/modules/heartbeat/heartbeat_sender_worker.py | heartbeat_sender_worker | 65] heartbeat sent
09:35:44: [INFO] [/Users/harikolla/autonomy-bootcamp-2025-p2/modules/heartbeat/heartbeat_sender.py | run | 40] Sending heartbeat
09:35:44: [DEBUG] [/Users/harikolla/autonomy-bootcamp-2025-p2/modules/heartbeat/heartbeat_sender_worker.py | heartbeat_sender_worker | 65] heartbeat sent
09:35:45: [INFO] [/Users/harikolla/autonomy-bootcamp-2025-p2/modules/heartbeat/heartbeat_sender.py | run | 40] Sending heartbeat
09:35:45: [DEBUG] [/Users/harikolla/autonomy-bootcamp-2025-p2/modules/heartbeat/heartbeat_sender_worker.py | heartbeat_sender_worker | 65] heartbeat sent
09:35:46: [INFO] [/Users/harikolla/autonomy-bootcamp-2025-p2/modules/heartbeat/heartbeat_sender.py | run | 40] Sending heartbeat
09:35:46: [DEBUG] [/Users/harikolla/autonomy-bootcamp-2025-p2/modules/heartbeat/heartbeat_sender_worker.py | heartbeat_sender_worker | 65] heartbeat sent
09:35:47: [INFO] [/Users/harikolla/autonomy-bootcamp-2025-p2/modules/heartbeat/heartbeat_sender.py | run | 40] Sending heartbeat
09:35:47: [DEBUG] [/Users/harikolla/autonomy-bootcamp-2025-p2/modules/heartbeat/heartbeat_sender_worker.py | heartbeat_sender_worker | 65] heartbeat sent
09:35:48: [INFO] [/Users/harikolla/autonomy-bootcamp-2025-p2/modules/heartbeat/heartbeat_sender.py | run | 40] Sending heartbeat
09:35:48: [DEBUG] [/Users/harikolla/autonomy-bootcamp-2025-p2/modules/heartbeat/heartbeat_sender_worker.py | heartbeat_sender_worker | 65] heartbeat sent
09:35:49: [INFO] [/Users/harikolla/autonomy-bootcamp-2025-p2/modules/heartbeat/heartbeat_sender.py | run | 40] Sending heartbeat
09:35:49: [DEBUG] [/Users/harikolla/autonomy-bootcamp-2025-p2/modules/heartbeat/heartbeat_sender_worker.py | heartbeat_sender_worker | 65] heartbeat sent
09:35:50: [INFO] [/Users/harikolla/autonomy-bootcamp-2025-p2/modules/heartbeat/heartbeat_sender.py | run | 40] Sending heartbeat
09:35:50: [DEBUG] [/Users/harikolla/autonomy-bootcamp-2025-p2/modules/heartbeat/heartbeat_sender_worker.py | heartbeat_sender_worker | 65] heartbeat sent
09:35:51: [INFO] [/Users/harikolla/autonomy-bootcamp-2025-p2/modules/heartbeat/heartbeat_sender.py | run | 40] Sending heartbeat
09:35:51: [DEBUG] [/Users/harikolla/autonomy-bootcamp-2025-p2/modules/heartbeat/heartbeat_sender_worker.py | heartbeat_sender_worker | 65] heartbeat sent
09:35:52: [INFO] [/Users/harikolla/autonomy-bootcamp-2025-p2/modules/heartbeat/heartbeat_sender.py | run | 40] Sending heartbeat
09:35:52: [DEBUG] [/Users/harikolla/autonomy-bootcamp-2025-p2/modules/heartbeat/heartbeat_sender_worker.py | heartbeat_sender_worker | 65] heartbeat sent
09:35:53: [INFO] [/Users/harikolla/autonomy-bootcamp-2025-p2/modules/heartbeat/heartbeat_sender.py | run | 40] Sending heartbeat
09:35:53: [DEBUG] [/Users/harikolla/autonomy-bootcamp-2025-p2/modules/heartbeat/heartbeat_sender_worker.py | heartbeat_sender_worker | 65] heartbeat sent
09:35:54: [INFO] [/Users/harikolla/autonomy-bootcamp-2025-p2/modules/heartbeat/heartbeat_sender.py | run | 40] Sending heartbeat
09:35:54: [DEBUG] [/Users/harikolla/autonomy-bootcamp-2025-p2/modules/heartbeat/heartbeat_sender_worker.py | heartbeat_sender_worker | 65] heartbeat sent
09:35:55: [INFO] [/Users/harikolla/autonomy-bootcamp-2025-p2/modules/heartbeat/heartbeat_sender.py | run | 40] Sending heartbeat
09:35:55: [DEBUG] [/Users/harikolla/autonomy-bootcamp-2025-p2/modules/heartbeat/heartbeat_sender_worker.py | heartbeat_sender_worker | 65] heartbeat sent
09:35:56: [INFO] [/Users/harikolla/autonomy-bootcamp-2025-p2/modules/heartbeat/heartbeat_sender.py | run | 40] Sending heartbeat
09:35:56: [DEBUG] [/Users/harikolla/autonomy-bootcamp-2025-p2/modules/heartbeat/heartbeat_sender_worker.py | heartbeat_sender_worker | 65] heartbeat sent
09:35:57: [INFO] [/Users/harikolla/autonomy-bootcamp-2025-p2/modules/heartbeat/heartbeat_sender.py | run | 40] Sending heartbeat
09:35:57: [DEBUG] [/Users/harikolla/autonomy-bootcamp-2025-p2/modules/heartbeat/heartbeat_sender_worker.py | heartbeat_sender_worker | 65] heartbeat sent
09:35:58: [INFO] [/Users/harikolla/autonomy-bootcamp-2025-p2/modules/heartbeat/heartbeat_sender.py | run | 40] Sending heartbeat
09:35:58: [DEBUG] [/Users/harikolla/autonomy-bootcamp-2025-p2/modules/heartbeat/heartbeat_sender_worker.py | heartbeat_sender_worker | 65] heartbeat sent
09:35:59: [INFO] [/Users/harikolla/autonomy-bootcamp-2025-p2/modules/heartbeat/heartbeat_sender.py | run | 40] Sending heartbeat
09:35:59: [DEBUG] [/Users/harikolla/autonomy-bootcamp-2025-p2/modules/heartbeat/heartbeat_sender_worker.py | heartbeat_sender_worker | 65] heartbeat sent
09:36:00: [INFO] [/Users/harikolla/autonomy-bootcamp-2025-p2/modules/heartbeat/heartbeat_sender.py | run | 40] Sending heartbeat
09:36:00: [DEBUG] [/Users/harikolla/autonomy-bootcamp-2025-p2/modules/heartbeat/heartbeat_sender_worker.py | heartbeat_sender_worker | 65] heartbeat sent
09:36:01: [INFO] [/Users/harikolla/autonomy-bootcamp-2025-p2/modules/heartbeat/heartbeat_sender.py | run | 40] Sending heartbeat
09:36:01: [DEBUG] [/Users/harikolla/autonomy-bootcamp-2025-p2/modules/heartbeat/heartbeat_sender_worker.py | heartbeat_sender_worker | 65] heartbeat sent
09:36:02: [INFO] [/Users/harikolla/autonomy-bootcamp-2025-p2/modules/heartbeat/heartbeat_sender.py | run | 40] Sending heartbeat
09:36:02: [DEBUG] [/Users/harikolla/autonomy-bootcamp-2025-p2/modules/heartbeat/heartbeat_sender_worker.py | heartbeat_sender_worker | 65] heartbeat sent
09:36:03: [INFO] [/Users/harikolla/autonomy-bootcamp-2025-p2/modules/heartbeat/heartbeat_sender.py | run | 40] Sending heartbeat
09:36:03: [DEBUG] [/Users/harikolla/autonomy-bootcamp-2025-p2/modules/heartbeat/heartbeat_sender_worker.py | heartbeat_sender_worker | 65] heartbeat sent
09:36:04: [INFO] [/Users/harikolla/autonomy-bootcamp-2025-p2/modules/heartbeat/heartbeat_sender.py | run | 40] Sending heartbeat
09:36:04: [DEBUG] [/Users/harikolla/autonomy-bootcamp-2025-p2/modules/heartbeat/heartbeat_sender_worker.py | heartbeat_sender_worker | 65] heartbeat sent
09:36:05: [INFO] [/Users/harikolla/autonomy-bootcamp-2025-p2/modules/heartbeat/heartbeat_sender.py | run | 40] Sending heartbeat
09:36:05: [DEBUG] [/Users/harikolla/autonomy-bootcamp-2025-p2/modules/heartbeat/heartbeat_sender_worker.py | heartbeat_sender_worker | 65] heartbeat sent
09:36:06: [INFO] [/Users/harikolla/autonomy-bootcamp-2025-p2/modules/heartbeat/heartbeat_sender.py | run | 40] Sending heartbeat
09:36:06: [DEBUG] [/Users/harikolla/autonomy-bootcamp-2025-p2/modules/heartbeat/heartbeat_sender_worker.py | heartbeat_sender_worker | 65] heartbeat sent
09:36:07: [INFO] [/Users/harikolla/autonomy-bootcamp-2025-p2/modules/heartbeat/heartbeat_sender.py | run | 40] Sending heartbeat
09:36:07: [DEBUG] [/Users/harikolla/autonomy-bootcamp-2025-p2/modules/heartbeat/heartbeat_sender_worker.py | heartbeat_sender_worker | 65] heartbeat sent
09:36:08: [INFO] [/Users/harikolla/autonomy-bootcamp-2025-p2/modules/heartbeat/heartbeat_sender.py | run | 40] Sending heartbeat
09:36:08: [DEBUG] [/Users/harikolla/autonomy-bootcamp-2025-p2/modules/heartbeat/heartbeat_sender_worker.py | heartbeat_sender_worker | 65] heartbeat sent
09:36:09: [INFO] [/Users/harikolla/autonomy-bootcamp-2025-p2/modules/heartbeat/heartbeat_sender.py | run | 40] Sending heartbeat
09:36:09: [DEBUG] [/Users/harikolla/autonomy-bootcamp-2025-p2/modules/heartbeat/heartbeat_sender_worker.py | heartbeat_sender_worker | 65] heartbeat sent
09:36:10: [INFO] [/Users/harikolla/autonomy-bootcamp-2025-p2/modules/heartbeat/heartbeat_sender.py | run | 40] Sending heartbeat
09:36:10: [DEBUG] [/Users/harikolla/autonomy-bootcamp-2025-p2/modules/heartbeat/heartbeat_sender_worker.py | heartbeat_sender_worker | 65] heartbeat sent
